0 info it worked if it ends with ok
1 verbose cli [ '/usr/local/bin/node', '/usr/local/bin/npm', 'run', 'test' ]
2 info using npm@3.10.10
3 info using node@v6.9.3
4 verbose run-script [ 'pretest', 'test', 'posttest' ]
5 info lifecycle browserslist@1.7.7~pretest: browserslist@1.7.7
6 silly lifecycle browserslist@1.7.7~pretest: no script for pretest, continuing
7 info lifecycle browserslist@1.7.7~test: browserslist@1.7.7
8 verbose lifecycle browserslist@1.7.7~test: unsafe-perm in lifecycle true
9 verbose lifecycle browserslist@1.7.7~test: PATH: /usr/local/lib/node_modules/npm/bin/node-gyp-bin:/Users/vvs/repo/js--browserslist/node_modules/.bin:/usr/local/bin:/usr/bin:/bin:/usr/sbin:/sbin
10 verbose lifecycle browserslist@1.7.7~test: CWD: /Users/vvs/repo/js--browserslist
11 silly lifecycle browserslist@1.7.7~test: Args: [ '-c',
11 silly lifecycle   'jest --coverage && eslint *.js test/*.js && yaspeller-ci *.md' ]
12 silly lifecycle browserslist@1.7.7~test: Returned: code: 1  signal: null
13 info lifecycle browserslist@1.7.7~test: Failed to exec test script
14 verbose stack Error: browserslist@1.7.7 test: `jest --coverage && eslint *.js test/*.js && yaspeller-ci *.md`
14 verbose stack Exit status 1
14 verbose stack     at EventEmitter.<anonymous> (/usr/local/lib/node_modules/npm/lib/utils/lifecycle.js:255:16)
14 verbose stack     at emitTwo (events.js:106:13)
14 verbose stack     at EventEmitter.emit (events.js:191:7)
14 verbose stack     at ChildProcess.<anonymous> (/usr/local/lib/node_modules/npm/lib/utils/spawn.js:40:14)
14 verbose stack     at emitTwo (events.js:106:13)
14 verbose stack     at ChildProcess.emit (events.js:191:7)
14 verbose stack     at maybeClose (internal/child_process.js:877:16)
14 verbose stack     at Process.ChildProcess._handle.onexit (internal/child_process.js:226:5)
15 verbose pkgid browserslist@1.7.7
16 verbose cwd /Users/vvs/repo/js--browserslist
17 error Darwin 16.4.0
18 error argv "/usr/local/bin/node" "/usr/local/bin/npm" "run" "test"
19 error node v6.9.3
20 error npm  v3.10.10
21 error code ELIFECYCLE
22 error browserslist@1.7.7 test: `jest --coverage && eslint *.js test/*.js && yaspeller-ci *.md`
22 error Exit status 1
23 error Failed at the browserslist@1.7.7 test script 'jest --coverage && eslint *.js test/*.js && yaspeller-ci *.md'.
23 error Make sure you have the latest version of node.js and npm installed.
23 error If you do, this is most likely a problem with the browserslist package,
23 error not with npm itself.
23 error Tell the author that this fails on your system:
23 error     jest --coverage && eslint *.js test/*.js && yaspeller-ci *.md
23 error You can get information on how to open an issue for this project with:
23 error     npm bugs browserslist
23 error Or if that isn't available, you can get their info via:
23 error     npm owner ls browserslist
23 error There is likely additional logging output above.
24 verbose exit [ 1, true ]
